<?xml version="1.0" encoding="UTF-8"?>
<testng-results skipped="0" failed="0" total="1" passed="1">
  <reporter-output>
  </reporter-output>
  <suite name="Default suite" duration-ms="547" started-at="2016-05-12T00:08:18Z" finished-at="2016-05-12T00:08:18Z">
    <groups>
    </groups>
    <test name="Default test" duration-ms="547" started-at="2016-05-12T00:08:18Z" finished-at="2016-05-12T00:08:18Z">
      <class name="com.Outdoor.models.MessageModelTest">
        <test-method status="PASS" signature="addMessage(java.lang.String, java.lang.String, java.lang.String)[pri:0, instance:com.Outdoor.models.MessageModelTest@180d80f]" name="addMessage" duration-ms="518" started-at="2016-05-12T02:08:18Z" data-provider="test1" finished-at="2016-05-12T02:08:18Z">
          <params>
            <param index="0">
              <value>
                <![CDATA[Hello!]]>
              </value>
            </param>
            <param index="1">
              <value>
                <![CDATA[test94@gmail.com]]>
              </value>
            </param>
            <param index="2">
              <value>
                <![CDATA[osama.fathy@hotmail.com]]>
              </value>
            </param>
          </params>
          <reporter-output>
          </reporter-output>
        </test-method> <!-- addMessage -->
      </class> <!-- com.Outdoor.models.MessageModelTest -->
    </test> <!-- Default test -->
  </suite> <!-- Default suite -->
</testng-results>
